{"contracts/AlunaBoostPool.sol":{"l":{"67":48,"68":38,"72":54,"73":54,"74":54,"75":48,"76":48,"78":54,"91":20,"92":20,"93":20,"94":20,"95":20,"96":20,"97":20,"98":20,"102":97,"106":106,"107":63,"109":43,"120":52,"129":15,"130":13,"133":13,"139":11,"142":11,"146":4,"147":2,"150":2,"152":2,"156":3,"157":1,"161":4,"162":4,"163":3,"164":3,"165":3,"170":15,"178":11,"181":11,"182":11,"183":11,"186":9,"188":9,"191":9,"193":9,"195":9,"197":9,"198":8,"199":8,"203":1,"204":1,"205":1,"208":1,"209":1,"210":1,"211":1,"212":1,"226":6,"227":6,"228":6,"229":6,"235":4,"236":2,"237":2,"238":2,"243":22,"246":22,"247":22,"249":22},"path":"/home/renan/boosted-smart-contracts/contracts/AlunaBoostPool.sol","s":{"1":48,"2":54,"3":54,"4":54,"5":48,"6":48,"7":20,"8":20,"9":20,"10":20,"11":20,"12":20,"13":20,"14":20,"15":97,"16":106,"17":63,"18":43,"19":52,"20":15,"21":13,"22":13,"23":11,"24":11,"25":4,"26":2,"27":2,"28":2,"29":3,"30":1,"31":4,"32":4,"33":3,"34":3,"35":3,"36":15,"37":11,"38":11,"39":11,"40":11,"41":9,"42":9,"43":9,"44":9,"45":9,"46":9,"47":8,"48":8,"49":1,"50":1,"51":1,"52":1,"53":1,"54":1,"55":1,"56":1,"57":6,"58":6,"59":6,"60":6,"61":4,"62":2,"63":2,"64":2,"65":22,"66":22,"67":22,"68":22},"b":{"1":[38,10],"2":[48,6],"3":[63,43],"4":[13,2],"5":[11,2],"6":[2,2],"7":[3,1],"8":[11,4],"9":[9,2],"10":[8,1],"11":[2,2]},"f":{"1":48,"2":54,"3":20,"4":97,"5":106,"6":52,"7":15,"8":4,"9":3,"10":4,"11":15,"12":6,"13":4,"14":22},"fnMap":{"1":{"name":"checkStart","line":66,"loc":{"start":{"line":66,"column":4},"end":{"line":69,"column":4}}},"2":{"name":"updateReward","line":71,"loc":{"start":{"line":71,"column":4},"end":{"line":79,"column":4}}},"3":{"name":"constructor","line":90,"loc":{"start":{"line":81,"column":4},"end":{"line":99,"column":4}}},"4":{"name":"lastTimeRewardApplicable","line":101,"loc":{"start":{"line":101,"column":4},"end":{"line":103,"column":4}}},"5":{"name":"rewardPerToken","line":105,"loc":{"start":{"line":105,"column":4},"end":{"line":117,"column":4}}},"6":{"name":"earned","line":119,"loc":{"start":{"line":119,"column":4},"end":{"line":125,"column":4}}},"7":{"name":"stake","line":128,"loc":{"start":{"line":128,"column":4},"end":{"line":143,"column":4}}},"8":{"name":"withdraw","line":145,"loc":{"start":{"line":145,"column":4},"end":{"line":153,"column":4}}},"9":{"name":"exit","line":155,"loc":{"start":{"line":155,"column":4},"end":{"line":158,"column":4}}},"10":{"name":"getReward","line":160,"loc":{"start":{"line":160,"column":4},"end":{"line":167,"column":4}}},"11":{"name":"boost","line":169,"loc":{"start":{"line":169,"column":4},"end":{"line":219,"column":4}}},"12":{"name":"notifyRewardAmount","line":224,"loc":{"start":{"line":221,"column":4},"end":{"line":230,"column":4}}},"13":{"name":"setGovernance","line":232,"loc":{"start":{"line":232,"column":4},"end":{"line":239,"column":4}}},"14":{"name":"updateBoostBalanceAndSupply","line":241,"loc":{"start":{"line":241,"column":4},"end":{"line":250,"column":4}}}},"statementMap":{"1":{"start":{"line":67,"column":8},"end":{"line":67,"column":56}},"2":{"start":{"line":72,"column":8},"end":{"line":72,"column":46}},"3":{"start":{"line":73,"column":8},"end":{"line":73,"column":50}},"4":{"start":{"line":74,"column":8},"end":{"line":74,"column":2918}},"5":{"start":{"line":75,"column":12},"end":{"line":75,"column":45}},"6":{"start":{"line":76,"column":12},"end":{"line":76,"column":65}},"7":{"start":{"line":91,"column":8},"end":{"line":91,"column":39}},"8":{"start":{"line":92,"column":8},"end":{"line":92,"column":31}},"9":{"start":{"line":93,"column":8},"end":{"line":93,"column":31}},"10":{"start":{"line":94,"column":8},"end":{"line":94,"column":63}},"11":{"start":{"line":95,"column":8},"end":{"line":95,"column":43}},"12":{"start":{"line":96,"column":8},"end":{"line":96,"column":37}},"13":{"start":{"line":97,"column":8},"end":{"line":97,"column":29}},"14":{"start":{"line":98,"column":8},"end":{"line":98,"column":27}},"15":{"start":{"line":102,"column":8},"end":{"line":102,"column":54}},"16":{"start":{"line":106,"column":8},"end":{"line":106,"column":3935}},"17":{"start":{"line":107,"column":12},"end":{"line":107,"column":39}},"18":{"start":{"line":109,"column":8},"end":{"line":109,"column":4030}},"19":{"start":{"line":120,"column":8},"end":{"line":120,"column":4396}},"20":{"start":{"line":129,"column":8},"end":{"line":129,"column":44}},"21":{"start":{"line":130,"column":8},"end":{"line":130,"column":26}},"22":{"start":{"line":133,"column":8},"end":{"line":133,"column":4842}},"23":{"start":{"line":139,"column":8},"end":{"line":139,"column":46}},"24":{"start":{"line":142,"column":8},"end":{"line":142,"column":69}},"25":{"start":{"line":146,"column":8},"end":{"line":146,"column":47}},"26":{"start":{"line":147,"column":8},"end":{"line":147,"column":29}},"27":{"start":{"line":150,"column":8},"end":{"line":150,"column":46}},"28":{"start":{"line":152,"column":8},"end":{"line":152,"column":50}},"29":{"start":{"line":156,"column":8},"end":{"line":156,"column":38}},"30":{"start":{"line":157,"column":8},"end":{"line":157,"column":18}},"31":{"start":{"line":161,"column":8},"end":{"line":161,"column":43}},"32":{"start":{"line":162,"column":8},"end":{"line":162,"column":5797}},"33":{"start":{"line":163,"column":12},"end":{"line":163,"column":34}},"34":{"start":{"line":164,"column":12},"end":{"line":164,"column":54}},"35":{"start":{"line":165,"column":12},"end":{"line":165,"column":47}},"36":{"start":{"line":170,"column":8},"end":{"line":170,"column":6055}},"37":{"start":{"line":178,"column":8},"end":{"line":178,"column":68}},"38":{"start":{"line":181,"column":8},"end":{"line":181,"column":62}},"39":{"start":{"line":182,"column":8},"end":{"line":182,"column":46}},"40":{"start":{"line":183,"column":8},"end":{"line":183,"column":66}},"41":{"start":{"line":186,"column":8},"end":{"line":186,"column":29}},"42":{"start":{"line":188,"column":8},"end":{"line":188,"column":52}},"43":{"start":{"line":191,"column":8},"end":{"line":191,"column":46}},"44":{"start":{"line":193,"column":8},"end":{"line":193,"column":70}},"45":{"start":{"line":195,"column":8},"end":{"line":195,"column":79}},"46":{"start":{"line":197,"column":8},"end":{"line":197,"column":7165}},"47":{"start":{"line":198,"column":12},"end":{"line":198,"column":43}},"48":{"start":{"line":199,"column":12},"end":{"line":199,"column":18}},"49":{"start":{"line":203,"column":8},"end":{"line":203,"column":43}},"50":{"start":{"line":204,"column":8},"end":{"line":204,"column":42}},"51":{"start":{"line":205,"column":8},"end":{"line":205,"column":40}},"52":{"start":{"line":208,"column":8},"end":{"line":208,"column":56}},"53":{"start":{"line":209,"column":8},"end":{"line":209,"column":44}},"54":{"start":{"line":210,"column":8},"end":{"line":210,"column":45}},"55":{"start":{"line":211,"column":8},"end":{"line":211,"column":35}},"56":{"start":{"line":212,"column":8},"end":{"line":212,"column":7703}},"57":{"start":{"line":226,"column":8},"end":{"line":226,"column":40}},"58":{"start":{"line":227,"column":8},"end":{"line":227,"column":33}},"59":{"start":{"line":228,"column":8},"end":{"line":228,"column":45}},"60":{"start":{"line":229,"column":8},"end":{"line":229,"column":32}},"61":{"start":{"line":235,"column":8},"end":{"line":235,"column":61}},"62":{"start":{"line":236,"column":8},"end":{"line":236,"column":31}},"63":{"start":{"line":237,"column":8},"end":{"line":237,"column":59}},"64":{"start":{"line":238,"column":8},"end":{"line":238,"column":36}},"65":{"start":{"line":243,"column":8},"end":{"line":243,"column":73}},"66":{"start":{"line":246,"column":8},"end":{"line":246,"column":103}},"67":{"start":{"line":247,"column":8},"end":{"line":247,"column":46}},"68":{"start":{"line":249,"column":8},"end":{"line":249,"column":67}}},"branchMap":{"1":{"line":67,"type":"if","locations":[{"start":{"line":67,"column":8},"end":{"line":67,"column":8}},{"start":{"line":67,"column":8},"end":{"line":67,"column":8}}]},"2":{"line":74,"type":"if","locations":[{"start":{"line":74,"column":8},"end":{"line":74,"column":8}},{"start":{"line":74,"column":8},"end":{"line":74,"column":8}}]},"3":{"line":106,"type":"if","locations":[{"start":{"line":106,"column":8},"end":{"line":106,"column":8}},{"start":{"line":106,"column":8},"end":{"line":106,"column":8}}]},"4":{"line":129,"type":"if","locations":[{"start":{"line":129,"column":8},"end":{"line":129,"column":8}},{"start":{"line":129,"column":8},"end":{"line":129,"column":8}}]},"5":{"line":133,"type":"if","locations":[{"start":{"line":133,"column":8},"end":{"line":133,"column":8}},{"start":{"line":133,"column":8},"end":{"line":133,"column":8}}]},"6":{"line":146,"type":"if","locations":[{"start":{"line":146,"column":8},"end":{"line":146,"column":8}},{"start":{"line":146,"column":8},"end":{"line":146,"column":8}}]},"7":{"line":162,"type":"if","locations":[{"start":{"line":162,"column":8},"end":{"line":162,"column":8}},{"start":{"line":162,"column":8},"end":{"line":162,"column":8}}]},"8":{"line":170,"type":"if","locations":[{"start":{"line":170,"column":8},"end":{"line":170,"column":8}},{"start":{"line":170,"column":8},"end":{"line":170,"column":8}}]},"9":{"line":183,"type":"if","locations":[{"start":{"line":183,"column":8},"end":{"line":183,"column":8}},{"start":{"line":183,"column":8},"end":{"line":183,"column":8}}]},"10":{"line":197,"type":"if","locations":[{"start":{"line":197,"column":8},"end":{"line":197,"column":8}},{"start":{"line":197,"column":8},"end":{"line":197,"column":8}}]},"11":{"line":235,"type":"if","locations":[{"start":{"line":235,"column":8},"end":{"line":235,"column":8}},{"start":{"line":235,"column":8},"end":{"line":235,"column":8}}]}}},"contracts/AlunaGov.sol":{"l":{"69":21,"70":21,"71":21,"75":2,"83":7,"84":5,"95":5,"99":15,"100":13,"101":11,"102":9,"103":9,"104":9,"106":9,"110":10,"111":8,"112":6,"113":4,"114":4,"115":4,"117":4,"121":9,"125":7,"126":3,"130":11,"131":9,"132":7,"135":5,"140":5,"141":5,"143":1,"144":1,"145":1,"146":1,"147":1,"148":1,"160":2,"161":1},"path":"/home/renan/boosted-smart-contracts/contracts/AlunaGov.sol","s":{"1":21,"2":21,"3":21,"4":2,"5":7,"6":5,"7":5,"8":15,"9":13,"10":11,"11":9,"12":9,"13":9,"14":9,"15":10,"16":8,"17":6,"18":4,"19":4,"20":4,"21":4,"22":9,"23":7,"24":3,"25":11,"26":9,"27":7,"28":5,"29":5,"30":5,"31":1,"32":1,"33":1,"34":1,"35":1,"36":1,"37":4,"38":2,"39":1},"b":{"1":[5,2],"2":[13,2],"3":[11,2],"4":[9,2],"5":[8,2],"6":[6,2],"7":[4,2],"8":[3,4],"9":[9,2],"10":[7,2],"11":[5,2],"12":[1,4],"13":[2,2],"14":[1,1]},"f":{"1":21,"2":2,"3":7,"4":15,"5":10,"6":9,"7":7,"8":11},"fnMap":{"1":{"name":"constructor","line":67,"loc":{"start":{"line":65,"column":4},"end":{"line":72,"column":4}}},"2":{"name":"getStablecoin","line":74,"loc":{"start":{"line":74,"column":4},"end":{"line":76,"column":4}}},"3":{"name":"propose","line":78,"loc":{"start":{"line":78,"column":4},"end":{"line":96,"column":4}}},"4":{"name":"voteFor","line":98,"loc":{"start":{"line":98,"column":4},"end":{"line":107,"column":4}}},"5":{"name":"voteAgainst","line":109,"loc":{"start":{"line":109,"column":4},"end":{"line":118,"column":4}}},"6":{"name":"stake","line":120,"loc":{"start":{"line":120,"column":4},"end":{"line":122,"column":4}}},"7":{"name":"withdraw","line":124,"loc":{"start":{"line":124,"column":4},"end":{"line":127,"column":4}}},"8":{"name":"resolveProposal","line":129,"loc":{"start":{"line":129,"column":4},"end":{"line":167,"column":4}}}},"statementMap":{"1":{"start":{"line":69,"column":8},"end":{"line":69,"column":31}},"2":{"start":{"line":70,"column":8},"end":{"line":70,"column":67}},"3":{"start":{"line":71,"column":8},"end":{"line":71,"column":37}},"4":{"start":{"line":75,"column":8},"end":{"line":75,"column":34}},"5":{"start":{"line":83,"column":8},"end":{"line":83,"column":67}},"6":{"start":{"line":84,"column":8},"end":{"line":84,"column":3098}},"7":{"start":{"line":95,"column":8},"end":{"line":95,"column":61}},"8":{"start":{"line":99,"column":8},"end":{"line":99,"column":64}},"9":{"start":{"line":100,"column":8},"end":{"line":100,"column":60}},"10":{"start":{"line":101,"column":8},"end":{"line":101,"column":82}},"11":{"start":{"line":102,"column":8},"end":{"line":102,"column":85}},"12":{"start":{"line":103,"column":8},"end":{"line":103,"column":75}},"13":{"start":{"line":104,"column":8},"end":{"line":104,"column":65}},"14":{"start":{"line":106,"column":8},"end":{"line":106,"column":61}},"15":{"start":{"line":110,"column":8},"end":{"line":110,"column":64}},"16":{"start":{"line":111,"column":8},"end":{"line":111,"column":60}},"17":{"start":{"line":112,"column":8},"end":{"line":112,"column":78}},"18":{"start":{"line":113,"column":8},"end":{"line":113,"column":89}},"19":{"start":{"line":114,"column":8},"end":{"line":114,"column":83}},"20":{"start":{"line":115,"column":8},"end":{"line":115,"column":69}},"21":{"start":{"line":117,"column":8},"end":{"line":117,"column":61}},"22":{"start":{"line":121,"column":8},"end":{"line":121,"column":26}},"23":{"start":{"line":125,"column":8},"end":{"line":125,"column":71}},"24":{"start":{"line":126,"column":8},"end":{"line":126,"column":29}},"25":{"start":{"line":130,"column":8},"end":{"line":130,"column":77}},"26":{"start":{"line":131,"column":8},"end":{"line":131,"column":72}},"27":{"start":{"line":132,"column":8},"end":{"line":132,"column":62}},"28":{"start":{"line":135,"column":8},"end":{"line":135,"column":5322}},"29":{"start":{"line":140,"column":8},"end":{"line":140,"column":39}},"30":{"start":{"line":141,"column":8},"end":{"line":141,"column":5519}},"31":{"start":{"line":143,"column":12},"end":{"line":143,"column":58}},"32":{"start":{"line":144,"column":12},"end":{"line":144,"column":60}},"33":{"start":{"line":145,"column":12},"end":{"line":145,"column":48}},"34":{"start":{"line":146,"column":12},"end":{"line":146,"column":49}},"35":{"start":{"line":147,"column":12},"end":{"line":147,"column":48}},"36":{"start":{"line":148,"column":12},"end":{"line":148,"column":5970}},"37":{"start":{"line":155,"column":15},"end":{"line":155,"column":6178}},"38":{"start":{"line":160,"column":12},"end":{"line":160,"column":6381}},"39":{"start":{"line":161,"column":16},"end":{"line":161,"column":6476}}},"branchMap":{"1":{"line":83,"type":"if","locations":[{"start":{"line":83,"column":8},"end":{"line":83,"column":8}},{"start":{"line":83,"column":8},"end":{"line":83,"column":8}}]},"2":{"line":99,"type":"if","locations":[{"start":{"line":99,"column":8},"end":{"line":99,"column":8}},{"start":{"line":99,"column":8},"end":{"line":99,"column":8}}]},"3":{"line":100,"type":"if","locations":[{"start":{"line":100,"column":8},"end":{"line":100,"column":8}},{"start":{"line":100,"column":8},"end":{"line":100,"column":8}}]},"4":{"line":101,"type":"if","locations":[{"start":{"line":101,"column":8},"end":{"line":101,"column":8}},{"start":{"line":101,"column":8},"end":{"line":101,"column":8}}]},"5":{"line":110,"type":"if","locations":[{"start":{"line":110,"column":8},"end":{"line":110,"column":8}},{"start":{"line":110,"column":8},"end":{"line":110,"column":8}}]},"6":{"line":111,"type":"if","locations":[{"start":{"line":111,"column":8},"end":{"line":111,"column":8}},{"start":{"line":111,"column":8},"end":{"line":111,"column":8}}]},"7":{"line":112,"type":"if","locations":[{"start":{"line":112,"column":8},"end":{"line":112,"column":8}},{"start":{"line":112,"column":8},"end":{"line":112,"column":8}}]},"8":{"line":125,"type":"if","locations":[{"start":{"line":125,"column":8},"end":{"line":125,"column":8}},{"start":{"line":125,"column":8},"end":{"line":125,"column":8}}]},"9":{"line":130,"type":"if","locations":[{"start":{"line":130,"column":8},"end":{"line":130,"column":8}},{"start":{"line":130,"column":8},"end":{"line":130,"column":8}}]},"10":{"line":131,"type":"if","locations":[{"start":{"line":131,"column":8},"end":{"line":131,"column":8}},{"start":{"line":131,"column":8},"end":{"line":131,"column":8}}]},"11":{"line":132,"type":"if","locations":[{"start":{"line":132,"column":8},"end":{"line":132,"column":8}},{"start":{"line":132,"column":8},"end":{"line":132,"column":8}}]},"12":{"line":141,"type":"if","locations":[{"start":{"line":141,"column":8},"end":{"line":141,"column":8}},{"start":{"line":141,"column":8},"end":{"line":141,"column":8}}]},"13":{"line":155,"type":"if","locations":[{"start":{"line":155,"column":15},"end":{"line":155,"column":15}},{"start":{"line":155,"column":15},"end":{"line":155,"column":15}}]},"14":{"line":160,"type":"if","locations":[{"start":{"line":160,"column":12},"end":{"line":160,"column":12}},{"start":{"line":160,"column":12},"end":{"line":160,"column":12}}]}}},"contracts/interfaces/IERC20Burnable.sol":{"l":{},"path":"/home/renan/boosted-smart-contracts/contracts/interfaces/IERC20Burnable.sol","s":{},"b":{},"f":{},"fnMap":{},"statementMap":{},"branchMap":{}},"contracts/interfaces/IGovernance.sol":{"l":{},"path":"/home/renan/boosted-smart-contracts/contracts/interfaces/IGovernance.sol","s":{},"b":{},"f":{},"fnMap":{},"statementMap":{},"branchMap":{}},"contracts/interfaces/IUniswapV2Factory.sol":{"l":{},"path":"/home/renan/boosted-smart-contracts/contracts/interfaces/IUniswapV2Factory.sol","s":{},"b":{},"f":{},"fnMap":{},"statementMap":{},"branchMap":{}},"contracts/interfaces/UniswapRouter.sol":{"l":{},"path":"/home/renan/boosted-smart-contracts/contracts/interfaces/UniswapRouter.sol","s":{},"b":{},"f":{},"fnMap":{},"statementMap":{},"branchMap":{}},"contracts/LPTokenWrapper.sol":{"l":{"43":20,"47":1,"51":42,"55":13,"56":13,"61":2,"62":2},"path":"/home/renan/boosted-smart-contracts/contracts/LPTokenWrapper.sol","s":{"1":20,"2":1,"3":42,"4":13,"5":13,"6":2,"7":2},"b":{},"f":{"1":20,"2":1,"3":42,"4":13,"5":2},"fnMap":{"1":{"name":"constructor","line":42,"loc":{"start":{"line":42,"column":4},"end":{"line":44,"column":4}}},"2":{"name":"totalSupply","line":46,"loc":{"start":{"line":46,"column":4},"end":{"line":48,"column":4}}},"3":{"name":"balanceOf","line":50,"loc":{"start":{"line":50,"column":4},"end":{"line":52,"column":4}}},"4":{"name":"stake","line":54,"loc":{"start":{"line":54,"column":4},"end":{"line":58,"column":4}}},"5":{"name":"withdraw","line":60,"loc":{"start":{"line":60,"column":4},"end":{"line":64,"column":4}}}},"statementMap":{"1":{"start":{"line":43,"column":8},"end":{"line":43,"column":31}},"2":{"start":{"line":47,"column":8},"end":{"line":47,"column":27}},"3":{"start":{"line":51,"column":8},"end":{"line":51,"column":33}},"4":{"start":{"line":55,"column":8},"end":{"line":55,"column":46}},"5":{"start":{"line":56,"column":8},"end":{"line":56,"column":64}},"6":{"start":{"line":61,"column":8},"end":{"line":61,"column":46}},"7":{"start":{"line":62,"column":8},"end":{"line":62,"column":64}}},"branchMap":{}},"contracts/LPTokenWrapperWithSlash.sol":{"l":{"42":21,"46":6,"50":40,"54":9,"55":9,"56":9,"60":3,"61":3,"62":3,"66":1,"67":1,"68":1},"path":"/home/renan/boosted-smart-contracts/contracts/LPTokenWrapperWithSlash.sol","s":{"1":21,"2":6,"3":40,"4":9,"5":9,"6":9,"7":3,"8":3,"9":3,"10":1,"11":1,"12":1},"b":{},"f":{"1":21,"2":6,"3":40,"4":9,"5":3,"6":1},"fnMap":{"1":{"name":"constructor","line":41,"loc":{"start":{"line":41,"column":4},"end":{"line":43,"column":4}}},"2":{"name":"totalSupply","line":45,"loc":{"start":{"line":45,"column":4},"end":{"line":47,"column":4}}},"3":{"name":"balanceOf","line":49,"loc":{"start":{"line":49,"column":4},"end":{"line":51,"column":4}}},"4":{"name":"stake","line":53,"loc":{"start":{"line":53,"column":4},"end":{"line":57,"column":4}}},"5":{"name":"withdraw","line":59,"loc":{"start":{"line":59,"column":4},"end":{"line":63,"column":4}}},"6":{"name":"slash","line":65,"loc":{"start":{"line":65,"column":4},"end":{"line":69,"column":4}}}},"statementMap":{"1":{"start":{"line":42,"column":8},"end":{"line":42,"column":31}},"2":{"start":{"line":46,"column":8},"end":{"line":46,"column":27}},"3":{"start":{"line":50,"column":8},"end":{"line":50,"column":33}},"4":{"start":{"line":54,"column":8},"end":{"line":54,"column":46}},"5":{"start":{"line":55,"column":8},"end":{"line":55,"column":64}},"6":{"start":{"line":56,"column":8},"end":{"line":56,"column":69}},"7":{"start":{"line":60,"column":8},"end":{"line":60,"column":46}},"8":{"start":{"line":61,"column":8},"end":{"line":61,"column":64}},"9":{"start":{"line":62,"column":8},"end":{"line":62,"column":50}},"10":{"start":{"line":66,"column":8},"end":{"line":66,"column":35}},"11":{"start":{"line":67,"column":8},"end":{"line":67,"column":46}},"12":{"start":{"line":68,"column":8},"end":{"line":68,"column":30}}},"branchMap":{}},"contracts/mocks/BoostToken.sol":{"l":{"43":25,"44":25,"46":25,"50":25,"51":25,"55":0,"56":0,"60":25,"61":25,"65":0,"66":0,"70":18},"path":"/home/renan/boosted-smart-contracts/contracts/mocks/BoostToken.sol","s":{"1":25,"2":25,"3":25,"4":25,"5":25,"6":0,"7":0,"8":25,"9":25,"10":0,"11":0,"12":18},"b":{"1":[25,0],"2":[0,0],"3":[25,0],"4":[0,0]},"f":{"1":25,"2":25,"3":0,"4":25,"5":0,"6":18},"fnMap":{"1":{"name":"constructor","line":42,"loc":{"start":{"line":42,"column":4},"end":{"line":47,"column":4}}},"2":{"name":"mint","line":49,"loc":{"start":{"line":49,"column":4},"end":{"line":52,"column":4}}},"3":{"name":"setGovernance","line":54,"loc":{"start":{"line":54,"column":4},"end":{"line":57,"column":4}}},"4":{"name":"addMinter","line":59,"loc":{"start":{"line":59,"column":4},"end":{"line":62,"column":4}}},"5":{"name":"removeMinter","line":64,"loc":{"start":{"line":64,"column":4},"end":{"line":67,"column":4}}},"6":{"name":"burn","line":69,"loc":{"start":{"line":69,"column":4},"end":{"line":71,"column":4}}}},"statementMap":{"1":{"start":{"line":43,"column":8},"end":{"line":43,"column":30}},"2":{"start":{"line":44,"column":8},"end":{"line":44,"column":28}},"3":{"start":{"line":46,"column":8},"end":{"line":46,"column":29}},"4":{"start":{"line":50,"column":8},"end":{"line":50,"column":46}},"5":{"start":{"line":51,"column":8},"end":{"line":51,"column":29}},"6":{"start":{"line":55,"column":8},"end":{"line":55,"column":55}},"7":{"start":{"line":56,"column":8},"end":{"line":56,"column":31}},"8":{"start":{"line":60,"column":8},"end":{"line":60,"column":55}},"9":{"start":{"line":61,"column":8},"end":{"line":61,"column":30}},"10":{"start":{"line":65,"column":8},"end":{"line":65,"column":55}},"11":{"start":{"line":66,"column":8},"end":{"line":66,"column":31}},"12":{"start":{"line":70,"column":8},"end":{"line":70,"column":32}}},"branchMap":{"1":{"line":50,"type":"if","locations":[{"start":{"line":50,"column":8},"end":{"line":50,"column":8}},{"start":{"line":50,"column":8},"end":{"line":50,"column":8}}]},"2":{"line":55,"type":"if","locations":[{"start":{"line":55,"column":8},"end":{"line":55,"column":8}},{"start":{"line":55,"column":8},"end":{"line":55,"column":8}}]},"3":{"line":60,"type":"if","locations":[{"start":{"line":60,"column":8},"end":{"line":60,"column":8}},{"start":{"line":60,"column":8},"end":{"line":60,"column":8}}]},"4":{"line":65,"type":"if","locations":[{"start":{"line":65,"column":8},"end":{"line":65,"column":8}},{"start":{"line":65,"column":8},"end":{"line":65,"column":8}}]}}},"contracts/mocks/Token.sol":{"l":{"10":62,"11":62},"path":"/home/renan/boosted-smart-contracts/contracts/mocks/Token.sol","s":{"1":62,"2":62},"b":{},"f":{"1":62},"fnMap":{"1":{"name":"constructor","line":9,"loc":{"start":{"line":9,"column":4},"end":{"line":12,"column":4}}}},"statementMap":{"1":{"start":{"line":10,"column":8},"end":{"line":10,"column":40}},"2":{"start":{"line":11,"column":8},"end":{"line":11,"column":32}}},"branchMap":{}},"contracts/mocks/WETH.sol":{"l":{"18":21,"22":714,"23":714,"27":0,"28":0,"29":0,"30":0,"34":0,"38":0,"39":0,"40":0,"44":677,"51":677,"53":677,"54":0,"55":0,"58":677,"59":677,"61":677,"63":677},"path":"/home/renan/boosted-smart-contracts/contracts/mocks/WETH.sol","s":{"1":21,"2":714,"3":714,"4":0,"5":0,"6":0,"7":0,"8":0,"9":0,"10":0,"11":0,"12":677,"13":677,"14":677,"15":0,"16":0,"17":677,"18":677,"19":677,"20":677},"b":{"1":[0,0],"2":[677,0],"3":[0,677],"4":[0,0]},"f":{"1":21,"2":714,"3":0,"4":0,"5":0,"6":677,"7":677},"fnMap":{"1":{"name":"constructor","line":17,"loc":{"start":{"line":17,"column":4},"end":{"line":19,"column":4}}},"2":{"name":"deposit","line":21,"loc":{"start":{"line":21,"column":4},"end":{"line":24,"column":4}}},"3":{"name":"withdraw","line":26,"loc":{"start":{"line":26,"column":4},"end":{"line":31,"column":4}}},"4":{"name":"totalSupply","line":33,"loc":{"start":{"line":33,"column":4},"end":{"line":35,"column":4}}},"5":{"name":"approve","line":37,"loc":{"start":{"line":37,"column":4},"end":{"line":41,"column":4}}},"6":{"name":"transfer","line":43,"loc":{"start":{"line":43,"column":4},"end":{"line":45,"column":4}}},"7":{"name":"transferFrom","line":47,"loc":{"start":{"line":47,"column":4},"end":{"line":64,"column":4}}}},"statementMap":{"1":{"start":{"line":18,"column":8},"end":{"line":18,"column":16}},"2":{"start":{"line":22,"column":8},"end":{"line":22,"column":41}},"3":{"start":{"line":23,"column":8},"end":{"line":23,"column":43}},"4":{"start":{"line":27,"column":8},"end":{"line":27,"column":44}},"5":{"start":{"line":28,"column":8},"end":{"line":28,"column":35}},"6":{"start":{"line":29,"column":8},"end":{"line":29,"column":31}},"7":{"start":{"line":30,"column":8},"end":{"line":30,"column":40}},"8":{"start":{"line":34,"column":8},"end":{"line":34,"column":36}},"9":{"start":{"line":38,"column":8},"end":{"line":38,"column":39}},"10":{"start":{"line":39,"column":8},"end":{"line":39,"column":43}},"11":{"start":{"line":40,"column":8},"end":{"line":40,"column":19}},"12":{"start":{"line":44,"column":8},"end":{"line":44,"column":49}},"13":{"start":{"line":51,"column":8},"end":{"line":51,"column":37}},"14":{"start":{"line":53,"column":8},"end":{"line":53,"column":1537}},"15":{"start":{"line":54,"column":12},"end":{"line":54,"column":53}},"16":{"start":{"line":55,"column":12},"end":{"line":55,"column":44}},"17":{"start":{"line":58,"column":8},"end":{"line":58,"column":28}},"18":{"start":{"line":59,"column":8},"end":{"line":59,"column":28}},"19":{"start":{"line":61,"column":8},"end":{"line":61,"column":36}},"20":{"start":{"line":63,"column":8},"end":{"line":63,"column":19}}},"branchMap":{"1":{"line":27,"type":"if","locations":[{"start":{"line":27,"column":8},"end":{"line":27,"column":8}},{"start":{"line":27,"column":8},"end":{"line":27,"column":8}}]},"2":{"line":51,"type":"if","locations":[{"start":{"line":51,"column":8},"end":{"line":51,"column":8}},{"start":{"line":51,"column":8},"end":{"line":51,"column":8}}]},"3":{"line":53,"type":"if","locations":[{"start":{"line":53,"column":8},"end":{"line":53,"column":8}},{"start":{"line":53,"column":8},"end":{"line":53,"column":8}}]},"4":{"line":54,"type":"if","locations":[{"start":{"line":54,"column":12},"end":{"line":54,"column":12}},{"start":{"line":54,"column":12},"end":{"line":54,"column":12}}]}}}}