{"contracts/AlunaToken.sol":{"l":{"30":10,"31":10,"32":10,"33":10,"34":10,"35":10,"36":10,"47":1,"48":1,"49":3},"path":"/Users/h/git/aluna/aluna-token/contracts/AlunaToken.sol","s":{"1":10,"2":10,"3":10,"4":10,"5":10,"6":10,"7":10,"8":1,"9":1,"10":3},"b":{"1":[1,0]},"f":{"1":10,"2":1},"fnMap":{"1":{"name":"initialize","line":24,"loc":{"start":{"line":24,"column":4},"end":{"line":29,"column":26}}},"2":{"name":"groupTransfer","line":46,"loc":{"start":{"line":46,"column":4},"end":{"line":46,"column":95}}}},"statementMap":{"1":{"start":{"line":30,"column":8},"end":{"line":30,"column":26}},"2":{"start":{"line":31,"column":8},"end":{"line":31,"column":21}},"3":{"start":{"line":32,"column":8},"end":{"line":32,"column":20}},"4":{"start":{"line":33,"column":8},"end":{"line":33,"column":34}},"5":{"start":{"line":34,"column":8},"end":{"line":34,"column":56}},"6":{"start":{"line":35,"column":8},"end":{"line":35,"column":50}},"7":{"start":{"line":36,"column":8},"end":{"line":36,"column":33}},"8":{"start":{"line":47,"column":8},"end":{"line":47,"column":105}},"9":{"start":{"line":48,"column":8},"end":{"line":48,"column":1771}},"10":{"start":{"line":49,"column":12},"end":{"line":49,"column":58}}},"branchMap":{"1":{"line":47,"type":"if","locations":[{"start":{"line":47,"column":8},"end":{"line":47,"column":8}},{"start":{"line":47,"column":8},"end":{"line":47,"column":8}}]}}},"contracts/PaymentReceiver.sol":{"l":{"42":1,"50":8,"63":5,"64":5,"65":5,"66":4,"67":4,"68":4,"69":4,"70":4,"71":4,"72":4,"83":3,"84":2,"85":2,"86":2,"87":2,"88":2,"96":11,"97":11,"98":11,"106":18,"107":18},"path":"/Users/h/git/aluna/aluna-token/contracts/PaymentReceiver.sol","s":{"1":1,"2":8,"3":5,"4":5,"5":5,"6":4,"7":4,"8":4,"9":4,"10":4,"11":4,"12":4,"13":3,"14":2,"15":2,"16":2,"17":2,"18":2,"19":11,"20":11,"21":11,"22":18,"23":18},"b":{"1":[5,0],"2":[5,0],"3":[4,1],"4":[2,1],"5":[11,0],"6":[11,0],"7":[18,0]},"f":{"1":1,"2":8,"3":5,"4":3,"5":11,"6":18},"fnMap":{"1":{"name":"setRewardsPoolPercentage","line":41,"loc":{"start":{"line":41,"column":4},"end":{"line":41,"column":84}}},"2":{"name":"setRewardsPoolAddress","line":49,"loc":{"start":{"line":49,"column":4},"end":{"line":49,"column":78}}},"3":{"name":"processPayment","line":62,"loc":{"start":{"line":62,"column":4},"end":{"line":62,"column":68}}},"4":{"name":"refundPayment","line":82,"loc":{"start":{"line":82,"column":4},"end":{"line":82,"column":78}}},"5":{"name":"_setRewardsPoolPercentage","line":95,"loc":{"start":{"line":95,"column":4},"end":{"line":95,"column":77}}},"6":{"name":"_setRewardsPoolAddress","line":105,"loc":{"start":{"line":105,"column":4},"end":{"line":105,"column":71}}}},"statementMap":{"1":{"start":{"line":42,"column":8},"end":{"line":42,"column":56}},"2":{"start":{"line":50,"column":8},"end":{"line":50,"column":50}},"3":{"start":{"line":63,"column":8},"end":{"line":63,"column":74}},"4":{"start":{"line":64,"column":8},"end":{"line":64,"column":73}},"5":{"start":{"line":65,"column":8},"end":{"line":65,"column":92}},"6":{"start":{"line":66,"column":8},"end":{"line":66,"column":81}},"7":{"start":{"line":67,"column":8},"end":{"line":67,"column":65}},"8":{"start":{"line":68,"column":8},"end":{"line":68,"column":55}},"9":{"start":{"line":69,"column":8},"end":{"line":69,"column":67}},"10":{"start":{"line":70,"column":8},"end":{"line":70,"column":78}},"11":{"start":{"line":71,"column":8},"end":{"line":71,"column":61}},"12":{"start":{"line":72,"column":8},"end":{"line":72,"column":72}},"13":{"start":{"line":83,"column":8},"end":{"line":83,"column":92}},"14":{"start":{"line":84,"column":8},"end":{"line":84,"column":60}},"15":{"start":{"line":85,"column":8},"end":{"line":85,"column":96}},"16":{"start":{"line":86,"column":8},"end":{"line":86,"column":75}},"17":{"start":{"line":87,"column":8},"end":{"line":87,"column":43}},"18":{"start":{"line":88,"column":8},"end":{"line":88,"column":97}},"19":{"start":{"line":96,"column":8},"end":{"line":96,"column":106}},"20":{"start":{"line":97,"column":8},"end":{"line":97,"column":110}},"21":{"start":{"line":98,"column":8},"end":{"line":98,"column":53}},"22":{"start":{"line":106,"column":8},"end":{"line":106,"column":99}},"23":{"start":{"line":107,"column":8},"end":{"line":107,"column":47}}},"branchMap":{"1":{"line":63,"type":"if","locations":[{"start":{"line":63,"column":8},"end":{"line":63,"column":8}},{"start":{"line":63,"column":8},"end":{"line":63,"column":8}}]},"2":{"line":64,"type":"if","locations":[{"start":{"line":64,"column":8},"end":{"line":64,"column":8}},{"start":{"line":64,"column":8},"end":{"line":64,"column":8}}]},"3":{"line":65,"type":"if","locations":[{"start":{"line":65,"column":8},"end":{"line":65,"column":8}},{"start":{"line":65,"column":8},"end":{"line":65,"column":8}}]},"4":{"line":83,"type":"if","locations":[{"start":{"line":83,"column":8},"end":{"line":83,"column":8}},{"start":{"line":83,"column":8},"end":{"line":83,"column":8}}]},"5":{"line":96,"type":"if","locations":[{"start":{"line":96,"column":8},"end":{"line":96,"column":8}},{"start":{"line":96,"column":8},"end":{"line":96,"column":8}}]},"6":{"line":97,"type":"if","locations":[{"start":{"line":97,"column":8},"end":{"line":97,"column":8}},{"start":{"line":97,"column":8},"end":{"line":97,"column":8}}]},"7":{"line":106,"type":"if","locations":[{"start":{"line":106,"column":8},"end":{"line":106,"column":8}},{"start":{"line":106,"column":8},"end":{"line":106,"column":8}}]}}},"contracts/RewardsPool.sol":{"l":{"34":8,"35":8,"44":6,"45":6,"54":1,"55":1,"56":2,"57":2},"path":"/Users/h/git/aluna/aluna-token/contracts/RewardsPool.sol","s":{"1":8,"2":8,"3":6,"4":6,"5":1,"6":1,"7":2,"8":2},"b":{"1":[1,0]},"f":{"1":8,"2":6,"3":1},"fnMap":{"1":{"name":"initialize","line":33,"loc":{"start":{"line":33,"column":4},"end":{"line":33,"column":79}}},"2":{"name":"deposit","line":43,"loc":{"start":{"line":43,"column":4},"end":{"line":43,"column":54}}},"3":{"name":"sendRewards","line":53,"loc":{"start":{"line":53,"column":4},"end":{"line":53,"column":92}}}},"statementMap":{"1":{"start":{"line":34,"column":8},"end":{"line":34,"column":39}},"2":{"start":{"line":35,"column":8},"end":{"line":35,"column":33}},"3":{"start":{"line":44,"column":8},"end":{"line":44,"column":56}},"4":{"start":{"line":45,"column":8},"end":{"line":45,"column":41}},"5":{"start":{"line":54,"column":8},"end":{"line":54,"column":104}},"6":{"start":{"line":55,"column":8},"end":{"line":55,"column":1882}},"7":{"start":{"line":56,"column":12},"end":{"line":56,"column":53}},"8":{"start":{"line":57,"column":12},"end":{"line":57,"column":56}}},"branchMap":{"1":{"line":54,"type":"if","locations":[{"start":{"line":54,"column":8},"end":{"line":54,"column":8}},{"start":{"line":54,"column":8},"end":{"line":54,"column":8}}]}}}}