{"contracts/AlunaCrowdsale.sol":{"l":{"47":2,"48":6},"path":"/Users/h/git/aluna/aluna-token/contracts/AlunaCrowdsale.sol","s":{"1":2,"2":6},"b":{},"f":{"1":2,"2":2},"fnMap":{"1":{"name":"constructor","line":25,"loc":{"start":{"line":25,"column":4},"end":{"line":38,"column":5}}},"2":{"name":"withdrawGroupTokens","line":46,"loc":{"start":{"line":46,"column":4},"end":{"line":46,"column":69}}}},"statementMap":{"1":{"start":{"line":47,"column":8},"end":{"line":47,"column":1827}},"2":{"start":{"line":48,"column":12},"end":{"line":48,"column":43}}},"branchMap":{}},"contracts/AlunaToken.sol":{"l":{"30":26,"31":26,"32":26,"33":26,"34":26,"35":26,"36":26,"47":2,"48":2,"49":6},"path":"/Users/h/git/aluna/aluna-token/contracts/AlunaToken.sol","s":{"1":26,"2":26,"3":26,"4":26,"5":26,"6":26,"7":26,"8":2,"9":2,"10":6},"b":{"1":[2,0]},"f":{"1":26,"2":2},"fnMap":{"1":{"name":"initialize","line":24,"loc":{"start":{"line":24,"column":4},"end":{"line":29,"column":26}}},"2":{"name":"groupTransfer","line":46,"loc":{"start":{"line":46,"column":4},"end":{"line":46,"column":95}}}},"statementMap":{"1":{"start":{"line":30,"column":8},"end":{"line":30,"column":26}},"2":{"start":{"line":31,"column":8},"end":{"line":31,"column":21}},"3":{"start":{"line":32,"column":8},"end":{"line":32,"column":20}},"4":{"start":{"line":33,"column":8},"end":{"line":33,"column":34}},"5":{"start":{"line":34,"column":8},"end":{"line":34,"column":56}},"6":{"start":{"line":35,"column":8},"end":{"line":35,"column":50}},"7":{"start":{"line":36,"column":8},"end":{"line":36,"column":33}},"8":{"start":{"line":47,"column":8},"end":{"line":47,"column":105}},"9":{"start":{"line":48,"column":8},"end":{"line":48,"column":1771}},"10":{"start":{"line":49,"column":12},"end":{"line":49,"column":58}}},"branchMap":{"1":{"line":47,"type":"if","locations":[{"start":{"line":47,"column":8},"end":{"line":47,"column":8}},{"start":{"line":47,"column":8},"end":{"line":47,"column":8}}]}}},"contracts/PaymentReceiver.sol":{"l":{"42":1,"50":8,"63":5,"64":5,"65":5,"66":4,"67":4,"68":4,"69":4,"70":4,"71":4,"72":4,"83":3,"84":2,"85":2,"86":2,"87":2,"88":2,"96":27,"97":27,"98":27,"106":34,"107":34},"path":"/Users/h/git/aluna/aluna-token/contracts/PaymentReceiver.sol","s":{"1":1,"2":8,"3":5,"4":5,"5":5,"6":4,"7":4,"8":4,"9":4,"10":4,"11":4,"12":4,"13":3,"14":2,"15":2,"16":2,"17":2,"18":2,"19":27,"20":27,"21":27,"22":34,"23":34},"b":{"1":[5,0],"2":[5,0],"3":[4,1],"4":[2,1],"5":[27,0],"6":[27,0],"7":[34,0]},"f":{"1":1,"2":8,"3":5,"4":3,"5":27,"6":34},"fnMap":{"1":{"name":"setRewardsPoolPercentage","line":41,"loc":{"start":{"line":41,"column":4},"end":{"line":41,"column":84}}},"2":{"name":"setRewardsPoolAddress","line":49,"loc":{"start":{"line":49,"column":4},"end":{"line":49,"column":78}}},"3":{"name":"processPayment","line":62,"loc":{"start":{"line":62,"column":4},"end":{"line":62,"column":68}}},"4":{"name":"refundPayment","line":82,"loc":{"start":{"line":82,"column":4},"end":{"line":82,"column":78}}},"5":{"name":"_setRewardsPoolPercentage","line":95,"loc":{"start":{"line":95,"column":4},"end":{"line":95,"column":77}}},"6":{"name":"_setRewardsPoolAddress","line":105,"loc":{"start":{"line":105,"column":4},"end":{"line":105,"column":71}}}},"statementMap":{"1":{"start":{"line":42,"column":8},"end":{"line":42,"column":56}},"2":{"start":{"line":50,"column":8},"end":{"line":50,"column":50}},"3":{"start":{"line":63,"column":8},"end":{"line":63,"column":74}},"4":{"start":{"line":64,"column":8},"end":{"line":64,"column":73}},"5":{"start":{"line":65,"column":8},"end":{"line":65,"column":92}},"6":{"start":{"line":66,"column":8},"end":{"line":66,"column":81}},"7":{"start":{"line":67,"column":8},"end":{"line":67,"column":65}},"8":{"start":{"line":68,"column":8},"end":{"line":68,"column":55}},"9":{"start":{"line":69,"column":8},"end":{"line":69,"column":67}},"10":{"start":{"line":70,"column":8},"end":{"line":70,"column":78}},"11":{"start":{"line":71,"column":8},"end":{"line":71,"column":61}},"12":{"start":{"line":72,"column":8},"end":{"line":72,"column":72}},"13":{"start":{"line":83,"column":8},"end":{"line":83,"column":92}},"14":{"start":{"line":84,"column":8},"end":{"line":84,"column":60}},"15":{"start":{"line":85,"column":8},"end":{"line":85,"column":96}},"16":{"start":{"line":86,"column":8},"end":{"line":86,"column":75}},"17":{"start":{"line":87,"column":8},"end":{"line":87,"column":43}},"18":{"start":{"line":88,"column":8},"end":{"line":88,"column":97}},"19":{"start":{"line":96,"column":8},"end":{"line":96,"column":106}},"20":{"start":{"line":97,"column":8},"end":{"line":97,"column":110}},"21":{"start":{"line":98,"column":8},"end":{"line":98,"column":53}},"22":{"start":{"line":106,"column":8},"end":{"line":106,"column":99}},"23":{"start":{"line":107,"column":8},"end":{"line":107,"column":47}}},"branchMap":{"1":{"line":63,"type":"if","locations":[{"start":{"line":63,"column":8},"end":{"line":63,"column":8}},{"start":{"line":63,"column":8},"end":{"line":63,"column":8}}]},"2":{"line":64,"type":"if","locations":[{"start":{"line":64,"column":8},"end":{"line":64,"column":8}},{"start":{"line":64,"column":8},"end":{"line":64,"column":8}}]},"3":{"line":65,"type":"if","locations":[{"start":{"line":65,"column":8},"end":{"line":65,"column":8}},{"start":{"line":65,"column":8},"end":{"line":65,"column":8}}]},"4":{"line":83,"type":"if","locations":[{"start":{"line":83,"column":8},"end":{"line":83,"column":8}},{"start":{"line":83,"column":8},"end":{"line":83,"column":8}}]},"5":{"line":96,"type":"if","locations":[{"start":{"line":96,"column":8},"end":{"line":96,"column":8}},{"start":{"line":96,"column":8},"end":{"line":96,"column":8}}]},"6":{"line":97,"type":"if","locations":[{"start":{"line":97,"column":8},"end":{"line":97,"column":8}},{"start":{"line":97,"column":8},"end":{"line":97,"column":8}}]},"7":{"line":106,"type":"if","locations":[{"start":{"line":106,"column":8},"end":{"line":106,"column":8}},{"start":{"line":106,"column":8},"end":{"line":106,"column":8}}]}}},"contracts/RewardsPool.sol":{"l":{"34":8,"35":8,"44":6,"45":6,"54":1,"55":1,"56":2,"57":2},"path":"/Users/h/git/aluna/aluna-token/contracts/RewardsPool.sol","s":{"1":8,"2":8,"3":6,"4":6,"5":1,"6":1,"7":2,"8":2},"b":{"1":[1,0]},"f":{"1":8,"2":6,"3":1},"fnMap":{"1":{"name":"initialize","line":33,"loc":{"start":{"line":33,"column":4},"end":{"line":33,"column":79}}},"2":{"name":"deposit","line":43,"loc":{"start":{"line":43,"column":4},"end":{"line":43,"column":54}}},"3":{"name":"sendRewards","line":53,"loc":{"start":{"line":53,"column":4},"end":{"line":53,"column":92}}}},"statementMap":{"1":{"start":{"line":34,"column":8},"end":{"line":34,"column":39}},"2":{"start":{"line":35,"column":8},"end":{"line":35,"column":33}},"3":{"start":{"line":44,"column":8},"end":{"line":44,"column":56}},"4":{"start":{"line":45,"column":8},"end":{"line":45,"column":41}},"5":{"start":{"line":54,"column":8},"end":{"line":54,"column":104}},"6":{"start":{"line":55,"column":8},"end":{"line":55,"column":1882}},"7":{"start":{"line":56,"column":12},"end":{"line":56,"column":53}},"8":{"start":{"line":57,"column":12},"end":{"line":57,"column":56}}},"branchMap":{"1":{"line":54,"type":"if","locations":[{"start":{"line":54,"column":8},"end":{"line":54,"column":8}},{"start":{"line":54,"column":8},"end":{"line":54,"column":8}}]}}},"contracts/TokenTimelockFactory.sol":{"l":{"22":2,"23":2,"24":2,"26":2},"path":"/Users/h/git/aluna/aluna-token/contracts/TokenTimelockFactory.sol","s":{"1":2,"2":2,"3":2,"4":2},"b":{"1":[2,0]},"f":{"1":2},"fnMap":{"1":{"name":"create","line":19,"loc":{"start":{"line":19,"column":4},"end":{"line":21,"column":14}}}},"statementMap":{"1":{"start":{"line":22,"column":8},"end":{"line":22,"column":91}},"2":{"start":{"line":23,"column":8},"end":{"line":23,"column":846}},"3":{"start":{"line":24,"column":12},"end":{"line":24,"column":75}},"4":{"start":{"line":26,"column":8},"end":{"line":26,"column":67}}},"branchMap":{"1":{"line":23,"type":"if","locations":[{"start":{"line":23,"column":8},"end":{"line":23,"column":8}},{"start":{"line":23,"column":8},"end":{"line":23,"column":8}}]}}},"contracts/TokenVesting.sol":{"l":{"64":16,"66":15,"67":14,"69":13,"71":12,"72":12,"73":12,"74":12,"75":12,"77":12,"84":1,"91":1,"98":1,"105":1,"112":1,"119":1,"126":1,"133":6,"140":1,"148":8,"150":8,"152":7,"154":7,"156":7,"165":6,"166":5,"168":4,"170":4,"171":4,"173":4,"175":4,"177":4,"185":13,"193":14,"194":14,"196":14,"197":3,"199":5,"201":6},"path":"/Users/h/git/aluna/aluna-token/contracts/TokenVesting.sol","s":{"1":16,"2":15,"3":14,"4":13,"5":12,"6":12,"7":12,"8":12,"9":12,"10":12,"11":1,"12":1,"13":1,"14":1,"15":1,"16":1,"17":1,"18":6,"19":1,"20":8,"21":8,"22":7,"23":7,"24":7,"25":6,"26":5,"27":4,"28":4,"29":4,"30":4,"31":4,"32":4,"33":13,"34":14,"35":14,"36":14,"37":3,"38":11,"39":5,"40":6},"b":{"1":[15,1],"2":[14,1],"3":[13,1],"4":[12,1],"5":[7,1],"6":[5,1],"7":[4,1],"8":[3,11],"9":[5,6]},"f":{"1":16,"2":1,"3":1,"4":1,"5":1,"6":1,"7":1,"8":1,"9":6,"10":1,"11":8,"12":6,"13":13,"14":14},"fnMap":{"1":{"name":"initialize","line":56,"loc":{"start":{"line":56,"column":4},"end":{"line":63,"column":26}}},"2":{"name":"beneficiary","line":83,"loc":{"start":{"line":83,"column":4},"end":{"line":83,"column":54}}},"3":{"name":"cliff","line":90,"loc":{"start":{"line":90,"column":4},"end":{"line":90,"column":48}}},"4":{"name":"start","line":97,"loc":{"start":{"line":97,"column":4},"end":{"line":97,"column":48}}},"5":{"name":"duration","line":104,"loc":{"start":{"line":104,"column":4},"end":{"line":104,"column":51}}},"6":{"name":"releasable","line":111,"loc":{"start":{"line":111,"column":4},"end":{"line":111,"column":65}}},"7":{"name":"vested","line":118,"loc":{"start":{"line":118,"column":4},"end":{"line":118,"column":61}}},"8":{"name":"revocable","line":125,"loc":{"start":{"line":125,"column":4},"end":{"line":125,"column":49}}},"9":{"name":"released","line":132,"loc":{"start":{"line":132,"column":4},"end":{"line":132,"column":64}}},"10":{"name":"revoked","line":139,"loc":{"start":{"line":139,"column":4},"end":{"line":139,"column":60}}},"11":{"name":"release","line":147,"loc":{"start":{"line":147,"column":4},"end":{"line":147,"column":39}}},"12":{"name":"revoke","line":164,"loc":{"start":{"line":164,"column":4},"end":{"line":164,"column":48}}},"13":{"name":"_releasableAmount","line":184,"loc":{"start":{"line":184,"column":4},"end":{"line":184,"column":73}}},"14":{"name":"_vestedAmount","line":192,"loc":{"start":{"line":192,"column":4},"end":{"line":192,"column":69}}}},"statementMap":{"1":{"start":{"line":64,"column":8},"end":{"line":64,"column":90}},"2":{"start":{"line":66,"column":8},"end":{"line":66,"column":88}},"3":{"start":{"line":67,"column":8},"end":{"line":67,"column":59}},"4":{"start":{"line":69,"column":8},"end":{"line":69,"column":104}},"5":{"start":{"line":71,"column":8},"end":{"line":71,"column":33}},"6":{"start":{"line":72,"column":8},"end":{"line":72,"column":29}},"7":{"start":{"line":73,"column":8},"end":{"line":73,"column":27}},"8":{"start":{"line":74,"column":8},"end":{"line":74,"column":40}},"9":{"start":{"line":75,"column":8},"end":{"line":75,"column":21}},"10":{"start":{"line":77,"column":8},"end":{"line":77,"column":33}},"11":{"start":{"line":84,"column":8},"end":{"line":84,"column":27}},"12":{"start":{"line":91,"column":8},"end":{"line":91,"column":21}},"13":{"start":{"line":98,"column":8},"end":{"line":98,"column":21}},"14":{"start":{"line":105,"column":8},"end":{"line":105,"column":24}},"15":{"start":{"line":112,"column":8},"end":{"line":112,"column":39}},"16":{"start":{"line":119,"column":8},"end":{"line":119,"column":35}},"17":{"start":{"line":126,"column":8},"end":{"line":126,"column":25}},"18":{"start":{"line":133,"column":8},"end":{"line":133,"column":31}},"19":{"start":{"line":140,"column":8},"end":{"line":140,"column":30}},"20":{"start":{"line":148,"column":8},"end":{"line":148,"column":53}},"21":{"start":{"line":150,"column":8},"end":{"line":150,"column":65}},"22":{"start":{"line":152,"column":8},"end":{"line":152,"column":76}},"23":{"start":{"line":154,"column":8},"end":{"line":154,"column":51}},"24":{"start":{"line":156,"column":8},"end":{"line":156,"column":55}},"25":{"start":{"line":165,"column":8},"end":{"line":165,"column":57}},"26":{"start":{"line":166,"column":8},"end":{"line":166,"column":80}},"27":{"start":{"line":168,"column":8},"end":{"line":168,"column":56}},"28":{"start":{"line":170,"column":8},"end":{"line":170,"column":53}},"29":{"start":{"line":171,"column":8},"end":{"line":171,"column":48}},"30":{"start":{"line":173,"column":8},"end":{"line":173,"column":38}},"31":{"start":{"line":175,"column":8},"end":{"line":175,"column":42}},"32":{"start":{"line":177,"column":8},"end":{"line":177,"column":48}},"33":{"start":{"line":185,"column":8},"end":{"line":185,"column":66}},"34":{"start":{"line":193,"column":8},"end":{"line":193,"column":63}},"35":{"start":{"line":194,"column":8},"end":{"line":194,"column":76}},"36":{"start":{"line":196,"column":8},"end":{"line":196,"column":6661}},"37":{"start":{"line":197,"column":12},"end":{"line":197,"column":20}},"38":{"start":{"line":198,"column":15},"end":{"line":198,"column":6730}},"39":{"start":{"line":199,"column":12},"end":{"line":199,"column":31}},"40":{"start":{"line":201,"column":12},"end":{"line":201,"column":79}}},"branchMap":{"1":{"line":64,"type":"if","locations":[{"start":{"line":64,"column":8},"end":{"line":64,"column":8}},{"start":{"line":64,"column":8},"end":{"line":64,"column":8}}]},"2":{"line":66,"type":"if","locations":[{"start":{"line":66,"column":8},"end":{"line":66,"column":8}},{"start":{"line":66,"column":8},"end":{"line":66,"column":8}}]},"3":{"line":67,"type":"if","locations":[{"start":{"line":67,"column":8},"end":{"line":67,"column":8}},{"start":{"line":67,"column":8},"end":{"line":67,"column":8}}]},"4":{"line":69,"type":"if","locations":[{"start":{"line":69,"column":8},"end":{"line":69,"column":8}},{"start":{"line":69,"column":8},"end":{"line":69,"column":8}}]},"5":{"line":150,"type":"if","locations":[{"start":{"line":150,"column":8},"end":{"line":150,"column":8}},{"start":{"line":150,"column":8},"end":{"line":150,"column":8}}]},"6":{"line":165,"type":"if","locations":[{"start":{"line":165,"column":8},"end":{"line":165,"column":8}},{"start":{"line":165,"column":8},"end":{"line":165,"column":8}}]},"7":{"line":166,"type":"if","locations":[{"start":{"line":166,"column":8},"end":{"line":166,"column":8}},{"start":{"line":166,"column":8},"end":{"line":166,"column":8}}]},"8":{"line":196,"type":"if","locations":[{"start":{"line":196,"column":8},"end":{"line":196,"column":8}},{"start":{"line":196,"column":8},"end":{"line":196,"column":8}}]},"9":{"line":198,"type":"if","locations":[{"start":{"line":198,"column":15},"end":{"line":198,"column":15}},{"start":{"line":198,"column":15},"end":{"line":198,"column":15}}]}}}}