TN:
SF:/Users/h/git/aluna/aluna-token/contracts/AlunaCrowdsale.sol
FN:25,constructor
FN:46,withdrawGroupTokens
FNF:2
FNH:2
FNDA:2,constructor
FNDA:2,withdrawGroupTokens
DA:47,2
DA:48,6
LF:2
LH:2
BRF:0
BRH:0
end_of_record
TN:
SF:/Users/h/git/aluna/aluna-token/contracts/AlunaToken.sol
FN:24,initialize
FN:46,groupTransfer
FNF:2
FNH:2
FNDA:26,initialize
FNDA:2,groupTransfer
DA:30,26
DA:31,26
DA:32,26
DA:33,26
DA:34,26
DA:35,26
DA:36,26
DA:47,2
DA:48,2
DA:49,6
LF:10
LH:10
BRDA:47,1,0,2
BRDA:47,1,1,0
BRF:2
BRH:1
end_of_record
TN:
SF:/Users/h/git/aluna/aluna-token/contracts/PaymentReceiver.sol
FN:41,setRewardsPoolPercentage
FN:49,setRewardsPoolAddress
FN:62,processPayment
FN:82,refundPayment
FN:95,_setRewardsPoolPercentage
FN:105,_setRewardsPoolAddress
FNF:6
FNH:6
FNDA:1,setRewardsPoolPercentage
FNDA:8,setRewardsPoolAddress
FNDA:5,processPayment
FNDA:3,refundPayment
FNDA:27,_setRewardsPoolPercentage
FNDA:34,_setRewardsPoolAddress
DA:42,1
DA:50,8
DA:63,5
DA:64,5
DA:65,5
DA:66,4
DA:67,4
DA:68,4
DA:69,4
DA:70,4
DA:71,4
DA:72,4
DA:83,3
DA:84,2
DA:85,2
DA:86,2
DA:87,2
DA:88,2
DA:96,27
DA:97,27
DA:98,27
DA:106,34
DA:107,34
LF:23
LH:23
BRDA:63,1,0,5
BRDA:63,1,1,0
BRDA:64,2,0,5
BRDA:64,2,1,0
BRDA:65,3,0,4
BRDA:65,3,1,1
BRDA:83,4,0,2
BRDA:83,4,1,1
BRDA:96,5,0,27
BRDA:96,5,1,0
BRDA:97,6,0,27
BRDA:97,6,1,0
BRDA:106,7,0,34
BRDA:106,7,1,0
BRF:14
BRH:9
end_of_record
TN:
SF:/Users/h/git/aluna/aluna-token/contracts/RewardsPool.sol
FN:33,initialize
FN:43,deposit
FN:53,sendRewards
FNF:3
FNH:3
FNDA:8,initialize
FNDA:6,deposit
FNDA:1,sendRewards
DA:34,8
DA:35,8
DA:44,6
DA:45,6
DA:54,1
DA:55,1
DA:56,2
DA:57,2
LF:8
LH:8
BRDA:54,1,0,1
BRDA:54,1,1,0
BRF:2
BRH:1
end_of_record
TN:
SF:/Users/h/git/aluna/aluna-token/contracts/TokenTimelockFactory.sol
FN:19,create
FNF:1
FNH:1
FNDA:2,create
DA:22,2
DA:23,2
DA:24,2
DA:26,2
LF:4
LH:4
BRDA:23,1,0,2
BRDA:23,1,1,0
BRF:2
BRH:1
end_of_record
TN:
SF:/Users/h/git/aluna/aluna-token/contracts/TokenVesting.sol
FN:56,initialize
FN:83,beneficiary
FN:90,cliff
FN:97,start
FN:104,duration
FN:111,releasable
FN:118,vested
FN:125,revocable
FN:132,released
FN:139,revoked
FN:147,release
FN:164,revoke
FN:184,_releasableAmount
FN:192,_vestedAmount
FNF:14
FNH:14
FNDA:16,initialize
FNDA:1,beneficiary
FNDA:1,cliff
FNDA:1,start
FNDA:1,duration
FNDA:1,releasable
FNDA:1,vested
FNDA:1,revocable
FNDA:6,released
FNDA:1,revoked
FNDA:8,release
FNDA:6,revoke
FNDA:13,_releasableAmount
FNDA:14,_vestedAmount
DA:64,16
DA:66,15
DA:67,14
DA:69,13
DA:71,12
DA:72,12
DA:73,12
DA:74,12
DA:75,12
DA:77,12
DA:84,1
DA:91,1
DA:98,1
DA:105,1
DA:112,1
DA:119,1
DA:126,1
DA:133,6
DA:140,1
DA:148,8
DA:150,8
DA:152,7
DA:154,7
DA:156,7
DA:165,6
DA:166,5
DA:168,4
DA:170,4
DA:171,4
DA:173,4
DA:175,4
DA:177,4
DA:185,13
DA:193,14
DA:194,14
DA:196,14
DA:197,3
DA:199,5
DA:201,6
LF:39
LH:39
BRDA:64,1,0,15
BRDA:64,1,1,1
BRDA:66,2,0,14
BRDA:66,2,1,1
BRDA:67,3,0,13
BRDA:67,3,1,1
BRDA:69,4,0,12
BRDA:69,4,1,1
BRDA:150,5,0,7
BRDA:150,5,1,1
BRDA:165,6,0,5
BRDA:165,6,1,1
BRDA:166,7,0,4
BRDA:166,7,1,1
BRDA:196,8,0,3
BRDA:196,8,1,11
BRDA:198,9,0,5
BRDA:198,9,1,6
BRF:18
BRH:18
end_of_record
