TN:
SF:/Users/h/git/aluna/aluna-token/contracts/AlunaToken.sol
FN:24,initialize
FN:46,groupTransfer
FNF:2
FNH:2
FNDA:10,initialize
FNDA:1,groupTransfer
DA:30,10
DA:31,10
DA:32,10
DA:33,10
DA:34,10
DA:35,10
DA:36,10
DA:47,1
DA:48,1
DA:49,3
LF:10
LH:10
BRDA:47,1,0,1
BRDA:47,1,1,0
BRF:2
BRH:1
end_of_record
TN:
SF:/Users/h/git/aluna/aluna-token/contracts/PaymentReceiver.sol
FN:41,setRewardsPoolPercentage
FN:49,setRewardsPoolAddress
FN:62,processPayment
FN:82,refundPayment
FN:95,_setRewardsPoolPercentage
FN:105,_setRewardsPoolAddress
FNF:6
FNH:6
FNDA:1,setRewardsPoolPercentage
FNDA:8,setRewardsPoolAddress
FNDA:5,processPayment
FNDA:3,refundPayment
FNDA:11,_setRewardsPoolPercentage
FNDA:18,_setRewardsPoolAddress
DA:42,1
DA:50,8
DA:63,5
DA:64,5
DA:65,5
DA:66,4
DA:67,4
DA:68,4
DA:69,4
DA:70,4
DA:71,4
DA:72,4
DA:83,3
DA:84,2
DA:85,2
DA:86,2
DA:87,2
DA:88,2
DA:96,11
DA:97,11
DA:98,11
DA:106,18
DA:107,18
LF:23
LH:23
BRDA:63,1,0,5
BRDA:63,1,1,0
BRDA:64,2,0,5
BRDA:64,2,1,0
BRDA:65,3,0,4
BRDA:65,3,1,1
BRDA:83,4,0,2
BRDA:83,4,1,1
BRDA:96,5,0,11
BRDA:96,5,1,0
BRDA:97,6,0,11
BRDA:97,6,1,0
BRDA:106,7,0,18
BRDA:106,7,1,0
BRF:14
BRH:9
end_of_record
TN:
SF:/Users/h/git/aluna/aluna-token/contracts/RewardsPool.sol
FN:33,initialize
FN:43,deposit
FN:53,sendRewards
FNF:3
FNH:3
FNDA:8,initialize
FNDA:6,deposit
FNDA:1,sendRewards
DA:34,8
DA:35,8
DA:44,6
DA:45,6
DA:54,1
DA:55,1
DA:56,2
DA:57,2
LF:8
LH:8
BRDA:54,1,0,1
BRDA:54,1,1,0
BRF:2
BRH:1
end_of_record
